<?xml version="1.0" encoding="UTF-8" ?>
<testsuite tests="3" failures="0" name="TestSuite" time="3.926" errors="0" skipped="0">
  <properties>
    <property name="java.runtime.name" value="Java(TM) SE Runtime Environment"/>
    <property name="sun.boot.library.path" value="C:\Java8\jdk1.8.0_121\jre\bin"/>
    <property name="java.vm.version" value="25.121-b13"/>
    <property name="java.vm.vendor" value="Oracle Corporation"/>
    <property name="java.vendor.url" value="http://java.oracle.com/"/>
    <property name="path.separator" value=";"/>
    <property name="java.vm.name" value="Java HotSpot(TM) 64-Bit Server VM"/>
    <property name="file.encoding.pkg" value="sun.io"/>
    <property name="user.script" value=""/>
    <property name="user.country" value="CN"/>
    <property name="sun.java.launcher" value="SUN_STANDARD"/>
    <property name="sun.os.patch.level" value=""/>
    <property name="java.vm.specification.name" value="Java Virtual Machine Specification"/>
    <property name="user.dir" value="D:\gitworkspace\muke\MyInterfaceTest\autotest"/>
    <property name="java.runtime.version" value="1.8.0_121-b13"/>
    <property name="java.awt.graphicsenv" value="sun.awt.Win32GraphicsEnvironment"/>
    <property name="basedir" value="D:\gitworkspace\muke\MyInterfaceTest\autotest"/>
    <property name="java.endorsed.dirs" value="C:\Java8\jdk1.8.0_121\jre\lib\endorsed"/>
    <property name="os.arch" value="amd64"/>
    <property name="surefire.real.class.path" value="D:\gitworkspace\muke\MyInterfaceTest\autotest\target\surefire\surefirebooter1911899479811186393.jar"/>
    <property name="java.io.tmpdir" value="C:\Users\zb\AppData\Local\Temp\"/>
    <property name="line.separator" value="
"/>
    <property name="java.vm.specification.vendor" value="Oracle Corporation"/>
    <property name="user.variant" value=""/>
    <property name="os.name" value="Windows 10"/>
    <property name="sun.jnu.encoding" value="GBK"/>
    <property name="java.library.path" value="C:\Java8\jdk1.8.0_121\jre\bin;C:\WINDOWS\Sun\Java\bin;C:\WINDOWS\system32;C:\WINDOWS;C:\Python36\;C:\Python36\Scripts\;C:\ProgramData\Oracle\Java\javapath;C:\Java8\jdk1.8.0_121\bin;F:\apache-maven-3.5.3\bin;C:\Program Files (x86)\Intel\iCLS Client\;C:\Program Files\Intel\iCLS Client\;C:\windows\system32;C:\windows;C:\windows\System32\Wbem;C:\windows\System32\WindowsPowerShell\v1.0\;C:\Program Files (x86)\Intel\Intel(R) Management Engine Components\DAL;C:\Program Files\Intel\Intel(R) Management Engine Components\DAL;C:\Program Files (x86)\Intel\Intel(R) Management Engine Components\IPT;C:\Program Files\Intel\Intel(R) Management Engine Components\IPT;C:\Program Files (x86)\NVIDIA Corporation\PhysX\Common;C:\MySQL\MySQL Server 5.1\bin;C:\WINDOWS\system32;C:\WINDOWS;C:\WINDOWS\System32\Wbem;C:\WINDOWS\System32\WindowsPowerShell\v1.0\;C:\WINDOWS\System32\OpenSSH\;C:\Program Files\Intel\WiFi\bin\;C:\Program Files\Common Files\Intel\WirelessCommon\;C:\Program Files\Git\cmd;C:\Python36\Scripts\;C:\Python36\;C:\Users\zb\AppData\Local\Microsoft\WindowsApps;%USERPROFILE%\AppData\Local\Microsoft\WindowsApps;;."/>
    <property name="surefire.test.class.path" value="D:\gitworkspace\muke\MyInterfaceTest\autotest\target\test-classes;D:\gitworkspace\muke\MyInterfaceTest\autotest\target\classes;F:\Maven\repo\org\apache\httpcomponents\httpclient\4.1.2\httpclient-4.1.2.jar;F:\Maven\repo\org\apache\httpcomponents\httpcore\4.1.2\httpcore-4.1.2.jar;F:\Maven\repo\commons-logging\commons-logging\1.1.1\commons-logging-1.1.1.jar;F:\Maven\repo\commons-codec\commons-codec\1.4\commons-codec-1.4.jar;F:\Maven\repo\org\testng\testng\6.10\testng-6.10.jar;F:\Maven\repo\com\beust\jcommander\1.48\jcommander-1.48.jar;F:\Maven\repo\org\json\json\20170516\json-20170516.jar;F:\Maven\repo\org\mybatis\mybatis\3.4.4\mybatis-3.4.4.jar;F:\Maven\repo\mysql\mysql-connector-java\5.1.6\mysql-connector-java-5.1.6.jar;F:\Maven\repo\org\projectlombok\lombok\1.16.14\lombok-1.16.14.jar;F:\Maven\repo\com\relevantcodes\extentreports\2.41.1\extentreports-2.41.1.jar;F:\Maven\repo\org\jsoup\jsoup\1.8.3\jsoup-1.8.3.jar;F:\Maven\repo\org\xerial\sqlite-jdbc\3.8.11.1\sqlite-jdbc-3.8.11.1.jar;F:\Maven\repo\org\freemarker\freemarker\2.3.23\freemarker-2.3.23.jar;F:\Maven\repo\org\mongodb\mongodb-driver\3.0.4\mongodb-driver-3.0.4.jar;F:\Maven\repo\org\mongodb\bson\3.0.4\bson-3.0.4.jar;F:\Maven\repo\org\mongodb\mongodb-driver-core\3.0.4\mongodb-driver-core-3.0.4.jar;F:\Maven\repo\com\vimalselvam\testng-extentsreport\1.3.1\testng-extentsreport-1.3.1.jar;F:\Maven\repo\com\google\guava\guava\20.0\guava-20.0.jar;F:\Maven\repo\com\aventstack\extentreports\3.0.6\extentreports-3.0.6.jar;F:\Maven\repo\org\apache\httpcomponents\httpmime\4.5.2\httpmime-4.5.2.jar;"/>
    <property name="java.specification.name" value="Java Platform API Specification"/>
    <property name="java.class.version" value="52.0"/>
    <property name="sun.management.compiler" value="HotSpot 64-Bit Tiered Compilers"/>
    <property name="os.version" value="10.0"/>
    <property name="user.home" value="C:\Users\zb"/>
    <property name="user.timezone" value="GMT+08:00"/>
    <property name="java.awt.printerjob" value="sun.awt.windows.WPrinterJob"/>
    <property name="java.specification.version" value="1.8"/>
    <property name="file.encoding" value="GBK"/>
    <property name="user.name" value="zb"/>
    <property name="java.class.path" value="D:\gitworkspace\muke\MyInterfaceTest\autotest\target\test-classes;D:\gitworkspace\muke\MyInterfaceTest\autotest\target\classes;F:\Maven\repo\org\apache\httpcomponents\httpclient\4.1.2\httpclient-4.1.2.jar;F:\Maven\repo\org\apache\httpcomponents\httpcore\4.1.2\httpcore-4.1.2.jar;F:\Maven\repo\commons-logging\commons-logging\1.1.1\commons-logging-1.1.1.jar;F:\Maven\repo\commons-codec\commons-codec\1.4\commons-codec-1.4.jar;F:\Maven\repo\org\testng\testng\6.10\testng-6.10.jar;F:\Maven\repo\com\beust\jcommander\1.48\jcommander-1.48.jar;F:\Maven\repo\org\json\json\20170516\json-20170516.jar;F:\Maven\repo\org\mybatis\mybatis\3.4.4\mybatis-3.4.4.jar;F:\Maven\repo\mysql\mysql-connector-java\5.1.6\mysql-connector-java-5.1.6.jar;F:\Maven\repo\org\projectlombok\lombok\1.16.14\lombok-1.16.14.jar;F:\Maven\repo\com\relevantcodes\extentreports\2.41.1\extentreports-2.41.1.jar;F:\Maven\repo\org\jsoup\jsoup\1.8.3\jsoup-1.8.3.jar;F:\Maven\repo\org\xerial\sqlite-jdbc\3.8.11.1\sqlite-jdbc-3.8.11.1.jar;F:\Maven\repo\org\freemarker\freemarker\2.3.23\freemarker-2.3.23.jar;F:\Maven\repo\org\mongodb\mongodb-driver\3.0.4\mongodb-driver-3.0.4.jar;F:\Maven\repo\org\mongodb\bson\3.0.4\bson-3.0.4.jar;F:\Maven\repo\org\mongodb\mongodb-driver-core\3.0.4\mongodb-driver-core-3.0.4.jar;F:\Maven\repo\com\vimalselvam\testng-extentsreport\1.3.1\testng-extentsreport-1.3.1.jar;F:\Maven\repo\com\google\guava\guava\20.0\guava-20.0.jar;F:\Maven\repo\com\aventstack\extentreports\3.0.6\extentreports-3.0.6.jar;F:\Maven\repo\org\apache\httpcomponents\httpmime\4.5.2\httpmime-4.5.2.jar;"/>
    <property name="java.vm.specification.version" value="1.8"/>
    <property name="sun.arch.data.model" value="64"/>
    <property name="java.home" value="C:\Java8\jdk1.8.0_121\jre"/>
    <property name="sun.java.command" value="D:\gitworkspace\muke\MyInterfaceTest\autotest\target\surefire\surefirebooter1911899479811186393.jar D:\gitworkspace\muke\MyInterfaceTest\autotest\target\surefire\surefire58764689534044096tmp D:\gitworkspace\muke\MyInterfaceTest\autotest\target\surefire\surefire1661169473101967591tmp"/>
    <property name="java.specification.vendor" value="Oracle Corporation"/>
    <property name="user.language" value="zh"/>
    <property name="awt.toolkit" value="sun.awt.windows.WToolkit"/>
    <property name="java.vm.info" value="mixed mode"/>
    <property name="java.version" value="1.8.0_121"/>
    <property name="java.ext.dirs" value="C:\Java8\jdk1.8.0_121\jre\lib\ext;C:\WINDOWS\Sun\Java\lib\ext"/>
    <property name="sun.boot.class.path" value="C:\Java8\jdk1.8.0_121\jre\lib\resources.jar;C:\Java8\jdk1.8.0_121\jre\lib\rt.jar;C:\Java8\jdk1.8.0_121\jre\lib\sunrsasign.jar;C:\Java8\jdk1.8.0_121\jre\lib\jsse.jar;C:\Java8\jdk1.8.0_121\jre\lib\jce.jar;C:\Java8\jdk1.8.0_121\jre\lib\charsets.jar;C:\Java8\jdk1.8.0_121\jre\lib\jfr.jar;C:\Java8\jdk1.8.0_121\jre\classes"/>
    <property name="java.vendor" value="Oracle Corporation"/>
    <property name="localRepository" value="F:\Maven\repo"/>
    <property name="file.separator" value="\"/>
    <property name="java.vendor.url.bug" value="http://bugreport.sun.com/bugreport/"/>
    <property name="sun.cpu.endian" value="little"/>
    <property name="sun.io.unicode.encoding" value="UnicodeLittle"/>
    <property name="sun.desktop" value="windows"/>
    <property name="sun.cpu.isalist" value="amd64"/>
  </properties>
  <testcase classname="com.planet.test.cases.LoginTest" name="loginSuccess" time="0.943"/>
  <testcase classname="com.planet.test.cases.LoginTest" name="loginFail" time="0.039"/>
  <testcase classname="com.planet.test.cases.GetUserInfoListTest" name="getUserListInfo" time="2.067"/>
</testsuite>