<?xml version="1.0" encoding="UTF-8"?>
<!-- Generated by org.testng.reporters.JUnitReportReporter -->
<testsuite name="com.planet.test.cases.LoginTest" tests="2" time="0.983" ignored="0" failures="0" timestamp="12 八月 2018 08:32:01 GMT" skipped="0" hostname="LAPTOP-CGU3Q52G" errors="0">
  <testcase name="loginFail" time="0.039" classname="com.planet.test.cases.LoginTest"/>
  <testcase name="loginSuccess" time="0.944" classname="com.planet.test.cases.LoginTest"/>
</testsuite> <!-- com.planet.test.cases.LoginTest -->
