<?xml version="1.0" encoding="UTF-8"?>
<!-- Generated by org.testng.reporters.JUnitReportReporter -->
<testsuite name="com.planet.test.cases.GetUserInfoListTest" tests="1" time="2.067" ignored="0" failures="0" timestamp="12 八月 2018 08:32:01 GMT" skipped="0" hostname="LAPTOP-CGU3Q52G" errors="0">
  <testcase name="getUserListInfo" time="2.067" classname="com.planet.test.cases.GetUserInfoListTest"/>
</testsuite> <!-- com.planet.test.cases.GetUserInfoListTest -->
